\BOOKMARK [1][-]{section.1}{\376\377\145\160\143\156\145\066\226\306\116\016\150\007\154\350}{}% 1
\BOOKMARK [2][-]{subsection.1.1}{\376\377\145\160\143\156\147\145\156\220}{section.1}% 2
\BOOKMARK [2][-]{subsection.1.2}{\376\377\145\160\143\156\226\306\122\022\122\006}{section.1}% 3
\BOOKMARK [2][-]{subsection.1.3}{\376\377\145\160\143\156\226\306\166\356\137\125\176\323\147\204}{section.1}% 4
\BOOKMARK [2][-]{subsection.1.4}{\376\377\150\007\154\350\150\074\137\017}{section.1}% 5
\BOOKMARK [2][-]{subsection.1.5}{\376\377\216\253\116\375\146\040\134\004\210\150}{section.1}% 6
\BOOKMARK [1][-]{section.2}{\376\377\152\041\127\213\116\016\174\373\176\337\133\236\163\260}{}% 7
\BOOKMARK [2][-]{subsection.2.1}{\376\377\152\041\127\213\220\011\142\351\116\016\123\237\164\006}{section.2}% 8
\BOOKMARK [3][-]{subsubsection.2.1.1}{\376\377\116\272\201\070\150\300\155\113\377\032\000M\000T\000C\000N\000N}{subsection.2.1}% 9
\BOOKMARK [3][-]{subsubsection.2.1.2}{\376\377\162\171\137\201\143\320\123\326\377\032\000I\000n\000c\000e\000p\000t\000i\000o\000n\000R\000e\000s\000n\000e\000t\000V\0001}{subsection.2.1}% 10
\BOOKMARK [2][-]{subsection.2.2}{\376\377\174\373\176\337\145\164\117\123\155\101\172\013}{section.2}% 11
\BOOKMARK [3][-]{subsubsection.2.2.1}{\376\377\154\350\121\214\226\066\153\265\377\010\136\225\136\223\147\204\136\372\377\011}{subsection.2.2}% 12
\BOOKMARK [3][-]{subsubsection.2.2.2}{\376\377\213\306\122\053\226\066\153\265\377\010\126\376\162\107\213\306\122\053\377\011}{subsection.2.2}% 13
\BOOKMARK [3][-]{subsubsection.2.2.3}{\376\377\131\032\116\272\201\070\131\004\164\006\173\126\165\145}{subsection.2.2}% 14
\BOOKMARK [2][-]{subsection.2.3}{\376\377\213\346\176\306\216\253\116\375\123\071\221\115\220\073\217\221}{section.2}% 15
\BOOKMARK [2][-]{subsection.2.4}{\376\377\150\070\137\303\123\302\145\160\221\115\177\156}{section.2}% 16
\BOOKMARK [2][-]{subsection.2.5}{\376\377\152\041\127\213\145\207\116\366\116\016\147\054\127\060\133\130\120\250}{section.2}% 17
\BOOKMARK [1][-]{section.3}{\376\377\133\236\232\214\176\323\147\234\116\016\122\006\147\220}{}% 18
\BOOKMARK [2][-]{subsection.3.1}{\376\377\000C\000e\000l\000e\000b\000A\000\040\145\160\143\156\226\306\000\040\0001\0000\0000\000\040\174\173\155\113\213\325}{section.3}% 19
\BOOKMARK [3][-]{subsubsection.3.1.1}{\376\377\155\113\213\325\213\276\177\156}{subsection.3.1}% 20
\BOOKMARK [3][-]{subsubsection.3.1.2}{\376\377\155\113\213\325\176\323\147\234}{subsection.3.1}% 21
\BOOKMARK [3][-]{subsubsection.3.1.3}{\376\377\142\020\122\237\150\067\117\213}{subsection.3.1}% 22
\BOOKMARK [3][-]{subsubsection.3.1.4}{\376\377\131\061\215\045\150\067\117\213\122\006\147\220}{subsection.3.1}% 23
\BOOKMARK [2][-]{subsection.3.2}{\376\377\201\352\145\066\226\306\000\040\0002\0000\000\040\174\173\216\253\116\375\145\160\143\156\155\113\213\325}{section.3}% 24
\BOOKMARK [3][-]{subsubsection.3.2.1}{\376\377\155\113\213\325\213\276\177\156}{subsection.3.2}% 25
\BOOKMARK [3][-]{subsubsection.3.2.2}{\376\377\126\376\162\107\176\247\213\304\155\113\176\323\147\234}{subsection.3.2}% 26
\BOOKMARK [3][-]{subsubsection.3.2.3}{\376\377\220\020\201\070\176\247\213\304\155\113\176\323\147\234}{subsection.3.2}% 27
\BOOKMARK [3][-]{subsubsection.3.2.4}{\376\377\142\020\122\237\150\067\117\213}{subsection.3.2}% 28
\BOOKMARK [3][-]{subsubsection.3.2.5}{\376\377\131\061\215\045\150\067\117\213\122\006\147\220}{subsection.3.2}% 29
\BOOKMARK [2][-]{subsection.3.3}{\376\377\226\010\120\074\160\165\145\117\136\246\122\006\147\220}{section.3}% 30
\BOOKMARK [2][-]{subsection.3.4}{\376\377\116\044\171\315\213\304\155\113\173\126\165\145\166\204\133\371\153\324}{section.3}% 31
\BOOKMARK [1][-]{section.4}{\376\377\122\115\172\357\123\357\211\306\123\026\134\125\171\072}{}% 32
\BOOKMARK [2][-]{subsection.4.1}{\376\377\165\114\227\142\122\237\200\375}{section.4}% 33
\BOOKMARK [2][-]{subsection.4.2}{\376\377\165\114\227\142\142\052\126\376}{section.4}% 34
\BOOKMARK [2][-]{subsection.4.3}{\376\377\217\320\210\114\145\271\137\017}{section.4}% 35
\BOOKMARK [1][-]{section.5}{\376\377\140\073\176\323\116\016\134\125\147\033}{}% 36
\BOOKMARK [2][-]{subsection.5.1}{\376\377\174\373\176\337\133\214\142\020\140\305\121\265}{section.5}% 37
\BOOKMARK [2][-]{subsection.5.2}{\376\377\116\073\211\201\116\015\215\263}{section.5}% 38
\BOOKMARK [2][-]{subsection.5.3}{\376\377\145\071\217\333\145\271\124\021}{section.5}% 39
